<?xml version="1.0" encoding="UTF-8"?>
<testsuite xmlns:xsi="http://www.w3.org/2001/XMLSchema-instance" xsi:noNamespaceSchemaLocation="https://maven.apache.org/surefire/maven-surefire-plugin/xsd/surefire-test-report.xsd" name="org.example.AppTest" time="0.112" tests="1" errors="0" skipped="0" failures="0">
  <properties>
    <property name="sun.desktop" value="windows"/>
    <property name="awt.toolkit" value="sun.awt.windows.WToolkit"/>
    <property name="file.encoding.pkg" value="sun.io"/>
    <property name="java.specification.version" value="1.8"/>
    <property name="sun.cpu.isalist" value="amd64"/>
    <property name="sun.jnu.encoding" value="Cp1252"/>
    <property name="java.class.path" value="J:\idea-projects\spring-boot-applications\spring-boot-application-1\target\test-classes;J:\idea-projects\spring-boot-applications\spring-boot-application-1\target\classes;G:\Narya\.m2\repository\org\springframework\boot\spring-boot-starter-web\2.5.2\spring-boot-starter-web-2.5.2.jar;G:\Narya\.m2\repository\org\springframework\boot\spring-boot-starter\2.5.2\spring-boot-starter-2.5.2.jar;G:\Narya\.m2\repository\org\springframework\boot\spring-boot\2.5.2\spring-boot-2.5.2.jar;G:\Narya\.m2\repository\org\springframework\boot\spring-boot-autoconfigure\2.5.2\spring-boot-autoconfigure-2.5.2.jar;G:\Narya\.m2\repository\org\springframework\boot\spring-boot-starter-logging\2.5.2\spring-boot-starter-logging-2.5.2.jar;G:\Narya\.m2\repository\ch\qos\logback\logback-classic\1.2.3\logback-classic-1.2.3.jar;G:\Narya\.m2\repository\ch\qos\logback\logback-core\1.2.3\logback-core-1.2.3.jar;G:\Narya\.m2\repository\org\slf4j\slf4j-api\1.7.31\slf4j-api-1.7.31.jar;G:\Narya\.m2\repository\org\apache\logging\log4j\log4j-to-slf4j\2.14.1\log4j-to-slf4j-2.14.1.jar;G:\Narya\.m2\repository\org\apache\logging\log4j\log4j-api\2.14.1\log4j-api-2.14.1.jar;G:\Narya\.m2\repository\org\slf4j\jul-to-slf4j\1.7.31\jul-to-slf4j-1.7.31.jar;G:\Narya\.m2\repository\jakarta\annotation\jakarta.annotation-api\1.3.5\jakarta.annotation-api-1.3.5.jar;G:\Narya\.m2\repository\org\springframework\spring-core\5.3.8\spring-core-5.3.8.jar;G:\Narya\.m2\repository\org\springframework\spring-jcl\5.3.8\spring-jcl-5.3.8.jar;G:\Narya\.m2\repository\org\yaml\snakeyaml\1.28\snakeyaml-1.28.jar;G:\Narya\.m2\repository\org\springframework\boot\spring-boot-starter-json\2.5.2\spring-boot-starter-json-2.5.2.jar;G:\Narya\.m2\repository\com\fasterxml\jackson\core\jackson-databind\2.12.3\jackson-databind-2.12.3.jar;G:\Narya\.m2\repository\com\fasterxml\jackson\core\jackson-annotations\2.12.3\jackson-annotations-2.12.3.jar;G:\Narya\.m2\repository\com\fasterxml\jackson\core\jackson-core\2.12.3\jackson-core-2.12.3.jar;G:\Narya\.m2\repository\com\fasterxml\jackson\datatype\jackson-datatype-jdk8\2.12.3\jackson-datatype-jdk8-2.12.3.jar;G:\Narya\.m2\repository\com\fasterxml\jackson\datatype\jackson-datatype-jsr310\2.12.3\jackson-datatype-jsr310-2.12.3.jar;G:\Narya\.m2\repository\com\fasterxml\jackson\module\jackson-module-parameter-names\2.12.3\jackson-module-parameter-names-2.12.3.jar;G:\Narya\.m2\repository\org\springframework\boot\spring-boot-starter-tomcat\2.5.2\spring-boot-starter-tomcat-2.5.2.jar;G:\Narya\.m2\repository\org\apache\tomcat\embed\tomcat-embed-core\9.0.48\tomcat-embed-core-9.0.48.jar;G:\Narya\.m2\repository\org\apache\tomcat\embed\tomcat-embed-el\9.0.48\tomcat-embed-el-9.0.48.jar;G:\Narya\.m2\repository\org\apache\tomcat\embed\tomcat-embed-websocket\9.0.48\tomcat-embed-websocket-9.0.48.jar;G:\Narya\.m2\repository\org\springframework\spring-web\5.3.8\spring-web-5.3.8.jar;G:\Narya\.m2\repository\org\springframework\spring-beans\5.3.8\spring-beans-5.3.8.jar;G:\Narya\.m2\repository\org\springframework\spring-webmvc\5.3.8\spring-webmvc-5.3.8.jar;G:\Narya\.m2\repository\org\springframework\spring-aop\5.3.8\spring-aop-5.3.8.jar;G:\Narya\.m2\repository\org\springframework\spring-context\5.3.8\spring-context-5.3.8.jar;G:\Narya\.m2\repository\org\springframework\spring-expression\5.3.8\spring-expression-5.3.8.jar;G:\Narya\.m2\repository\junit\junit\4.11\junit-4.11.jar;G:\Narya\.m2\repository\org\hamcrest\hamcrest-core\2.2\hamcrest-core-2.2.jar;G:\Narya\.m2\repository\org\hamcrest\hamcrest\2.2\hamcrest-2.2.jar;"/>
    <property name="java.vm.vendor" value="Oracle Corporation"/>
    <property name="sun.arch.data.model" value="64"/>
    <property name="user.variant" value=""/>
    <property name="java.vendor.url" value="http://java.oracle.com/"/>
    <property name="user.timezone" value="Asia/Calcutta"/>
    <property name="java.vm.specification.version" value="1.8"/>
    <property name="os.name" value="Windows 10"/>
    <property name="user.country" value="IN"/>
    <property name="sun.java.launcher" value="SUN_STANDARD"/>
    <property name="sun.boot.library.path" value="N:\Program Files\Java\jdk1.8.0_301\jre\bin"/>
    <property name="sun.java.command" value="C:\Users\NARYA-~1\AppData\Local\Temp\surefire8833864342968787516\surefirebooter3563841090729651676.jar C:\Users\narya-ssd\AppData\Local\Temp\surefire8833864342968787516 2024-01-10T15-51-06_322-jvmRun1 surefire1143122908692610380tmp surefire_08466418006443454296tmp"/>
    <property name="surefire.test.class.path" value="J:\idea-projects\spring-boot-applications\spring-boot-application-1\target\test-classes;J:\idea-projects\spring-boot-applications\spring-boot-application-1\target\classes;G:\Narya\.m2\repository\org\springframework\boot\spring-boot-starter-web\2.5.2\spring-boot-starter-web-2.5.2.jar;G:\Narya\.m2\repository\org\springframework\boot\spring-boot-starter\2.5.2\spring-boot-starter-2.5.2.jar;G:\Narya\.m2\repository\org\springframework\boot\spring-boot\2.5.2\spring-boot-2.5.2.jar;G:\Narya\.m2\repository\org\springframework\boot\spring-boot-autoconfigure\2.5.2\spring-boot-autoconfigure-2.5.2.jar;G:\Narya\.m2\repository\org\springframework\boot\spring-boot-starter-logging\2.5.2\spring-boot-starter-logging-2.5.2.jar;G:\Narya\.m2\repository\ch\qos\logback\logback-classic\1.2.3\logback-classic-1.2.3.jar;G:\Narya\.m2\repository\ch\qos\logback\logback-core\1.2.3\logback-core-1.2.3.jar;G:\Narya\.m2\repository\org\slf4j\slf4j-api\1.7.31\slf4j-api-1.7.31.jar;G:\Narya\.m2\repository\org\apache\logging\log4j\log4j-to-slf4j\2.14.1\log4j-to-slf4j-2.14.1.jar;G:\Narya\.m2\repository\org\apache\logging\log4j\log4j-api\2.14.1\log4j-api-2.14.1.jar;G:\Narya\.m2\repository\org\slf4j\jul-to-slf4j\1.7.31\jul-to-slf4j-1.7.31.jar;G:\Narya\.m2\repository\jakarta\annotation\jakarta.annotation-api\1.3.5\jakarta.annotation-api-1.3.5.jar;G:\Narya\.m2\repository\org\springframework\spring-core\5.3.8\spring-core-5.3.8.jar;G:\Narya\.m2\repository\org\springframework\spring-jcl\5.3.8\spring-jcl-5.3.8.jar;G:\Narya\.m2\repository\org\yaml\snakeyaml\1.28\snakeyaml-1.28.jar;G:\Narya\.m2\repository\org\springframework\boot\spring-boot-starter-json\2.5.2\spring-boot-starter-json-2.5.2.jar;G:\Narya\.m2\repository\com\fasterxml\jackson\core\jackson-databind\2.12.3\jackson-databind-2.12.3.jar;G:\Narya\.m2\repository\com\fasterxml\jackson\core\jackson-annotations\2.12.3\jackson-annotations-2.12.3.jar;G:\Narya\.m2\repository\com\fasterxml\jackson\core\jackson-core\2.12.3\jackson-core-2.12.3.jar;G:\Narya\.m2\repository\com\fasterxml\jackson\datatype\jackson-datatype-jdk8\2.12.3\jackson-datatype-jdk8-2.12.3.jar;G:\Narya\.m2\repository\com\fasterxml\jackson\datatype\jackson-datatype-jsr310\2.12.3\jackson-datatype-jsr310-2.12.3.jar;G:\Narya\.m2\repository\com\fasterxml\jackson\module\jackson-module-parameter-names\2.12.3\jackson-module-parameter-names-2.12.3.jar;G:\Narya\.m2\repository\org\springframework\boot\spring-boot-starter-tomcat\2.5.2\spring-boot-starter-tomcat-2.5.2.jar;G:\Narya\.m2\repository\org\apache\tomcat\embed\tomcat-embed-core\9.0.48\tomcat-embed-core-9.0.48.jar;G:\Narya\.m2\repository\org\apache\tomcat\embed\tomcat-embed-el\9.0.48\tomcat-embed-el-9.0.48.jar;G:\Narya\.m2\repository\org\apache\tomcat\embed\tomcat-embed-websocket\9.0.48\tomcat-embed-websocket-9.0.48.jar;G:\Narya\.m2\repository\org\springframework\spring-web\5.3.8\spring-web-5.3.8.jar;G:\Narya\.m2\repository\org\springframework\spring-beans\5.3.8\spring-beans-5.3.8.jar;G:\Narya\.m2\repository\org\springframework\spring-webmvc\5.3.8\spring-webmvc-5.3.8.jar;G:\Narya\.m2\repository\org\springframework\spring-aop\5.3.8\spring-aop-5.3.8.jar;G:\Narya\.m2\repository\org\springframework\spring-context\5.3.8\spring-context-5.3.8.jar;G:\Narya\.m2\repository\org\springframework\spring-expression\5.3.8\spring-expression-5.3.8.jar;G:\Narya\.m2\repository\junit\junit\4.11\junit-4.11.jar;G:\Narya\.m2\repository\org\hamcrest\hamcrest-core\2.2\hamcrest-core-2.2.jar;G:\Narya\.m2\repository\org\hamcrest\hamcrest\2.2\hamcrest-2.2.jar;"/>
    <property name="sun.cpu.endian" value="little"/>
    <property name="user.home" value="C:\Users\narya-ssd"/>
    <property name="user.language" value="en"/>
    <property name="java.specification.vendor" value="Oracle Corporation"/>
    <property name="java.home" value="N:\Program Files\Java\jdk1.8.0_301\jre"/>
    <property name="basedir" value="J:\idea-projects\spring-boot-applications\spring-boot-application-1"/>
    <property name="file.separator" value="\"/>
    <property name="line.separator" value="&#10;"/>
    <property name="java.vm.specification.vendor" value="Oracle Corporation"/>
    <property name="java.specification.name" value="Java Platform API Specification"/>
    <property name="java.awt.graphicsenv" value="sun.awt.Win32GraphicsEnvironment"/>
    <property name="surefire.real.class.path" value="C:\Users\NARYA-~1\AppData\Local\Temp\surefire8833864342968787516\surefirebooter3563841090729651676.jar"/>
    <property name="sun.boot.class.path" value="N:\Program Files\Java\jdk1.8.0_301\jre\lib\resources.jar;N:\Program Files\Java\jdk1.8.0_301\jre\lib\rt.jar;N:\Program Files\Java\jdk1.8.0_301\jre\lib\sunrsasign.jar;N:\Program Files\Java\jdk1.8.0_301\jre\lib\jsse.jar;N:\Program Files\Java\jdk1.8.0_301\jre\lib\jce.jar;N:\Program Files\Java\jdk1.8.0_301\jre\lib\charsets.jar;N:\Program Files\Java\jdk1.8.0_301\jre\lib\jfr.jar;N:\Program Files\Java\jdk1.8.0_301\jre\classes"/>
    <property name="user.script" value=""/>
    <property name="sun.management.compiler" value="HotSpot 64-Bit Tiered Compilers"/>
    <property name="java.runtime.version" value="1.8.0_301-b09"/>
    <property name="user.name" value="narya-ssd"/>
    <property name="path.separator" value=";"/>
    <property name="os.version" value="10.0"/>
    <property name="java.endorsed.dirs" value="N:\Program Files\Java\jdk1.8.0_301\jre\lib\endorsed"/>
    <property name="java.runtime.name" value="Java(TM) SE Runtime Environment"/>
    <property name="file.encoding" value="Cp1252"/>
    <property name="java.vm.name" value="Java HotSpot(TM) 64-Bit Server VM"/>
    <property name="localRepository" value="G:\Narya\.m2\repository"/>
    <property name="java.vendor.url.bug" value="http://bugreport.sun.com/bugreport/"/>
    <property name="java.io.tmpdir" value="C:\Users\NARYA-~1\AppData\Local\Temp\"/>
    <property name="java.version" value="1.8.0_301"/>
    <property name="user.dir" value="J:\idea-projects\spring-boot-applications\spring-boot-application-1"/>
    <property name="os.arch" value="amd64"/>
    <property name="java.vm.specification.name" value="Java Virtual Machine Specification"/>
    <property name="java.awt.printerjob" value="sun.awt.windows.WPrinterJob"/>
    <property name="sun.os.patch.level" value=""/>
    <property name="java.library.path" value="N:\Program Files\Java\jdk1.8.0_301\jre\bin;C:\Windows\Sun\Java\bin;C:\Windows\system32;C:\Windows;C:\Windows\system32;C:\Windows;C:\Windows\System32\Wbem;C:\Windows\System32\WindowsPowerShell\v1.0\;C:\Windows\System32\OpenSSH\;C:\ProgramData\chocolatey\bin;C:\Program Files\Git\cmd;C:\Program Files\PuTTY\;C:\Program Files\Docker\Docker\resources\bin;C:\Users\narya-ssd\AppData\Local\Microsoft\WindowsApps;N:\Program Files\Java\jdk1.8.0_301\bin;C:\apache-maven-3.3.3;C:\apache-maven-3.3.3\bin;;C:\Program Files (x86)\Nmap;C:\Users\narya-ssd\AppData\Local\Programs\Microsoft VS Code\bin;."/>
    <property name="java.vm.info" value="mixed mode"/>
    <property name="java.vendor" value="Oracle Corporation"/>
    <property name="java.vm.version" value="25.301-b09"/>
    <property name="java.ext.dirs" value="N:\Program Files\Java\jdk1.8.0_301\jre\lib\ext;C:\Windows\Sun\Java\lib\ext"/>
    <property name="sun.io.unicode.encoding" value="UnicodeLittle"/>
    <property name="java.class.version" value="52.0"/>
  </properties>
  <testcase name="shouldAnswerWithTrue" classname="org.example.AppTest" time="0.004"/>
</testsuite>